<?xml version="1.0" encoding="UTF-8"?>
<!-- Generated by org.testng.reporters.JUnitReportReporter -->
<testsuite hostname="DESKTOP-6M4388R" failures="0" tests="1" name="com.TestNg.Com.TestNGPracticeProject.SecondClassPractice" time="0.005" errors="0" timestamp="2024-07-22T17:33:57 IST" skipped="0">
  <testcase classname="com.TestNg.Com.TestNGPracticeProject.SecondClassPractice" name="TestMethod" time="0.005"/>
  <system-out/>
</testsuite> <!-- com.TestNg.Com.TestNGPracticeProject.SecondClassPractice -->
