<?xml version="1.0" encoding="UTF-8"?>
<!-- Generated by org.testng.reporters.JUnitReportReporter -->
<testsuite hostname="DESKTOP-6M4388R" failures="0" tests="3" name="DataDrivenTestingDemo.DDDemo" time="0.012" errors="0" timestamp="2024-07-25T16:55:55 IST" skipped="0">
  <testcase classname="DataDrivenTestingDemo.DDDemo" name="Testlogin" time="0.001"/>
  <system-out/>
  <testcase classname="DataDrivenTestingDemo.DDDemo" name="Testlogin" time="0.001"/>
  <system-out/>
  <testcase classname="DataDrivenTestingDemo.DDDemo" name="Testlogin" time="0.010"/>
  <system-out/>
</testsuite> <!-- DataDrivenTestingDemo.DDDemo -->
