<?xml version="1.0" encoding="UTF-8"?>
<!-- Generated by org.testng.reporters.JUnitReportReporter -->
<testsuite hostname="DESKTOP-6M4388R" failures="0" tests="3" name="com.TestNg.Com.TestNGPracticeProject.TestNg" time="0.009" errors="0" timestamp="2024-07-22T16:15:03 IST" skipped="0">
  <testcase classname="com.TestNg.Com.TestNGPracticeProject.TestNg" name="registration" time="0.006"/>
  <system-out/>
  <testcase classname="com.TestNg.Com.TestNGPracticeProject.TestNg" name="login" time="0.001"/>
  <system-out/>
  <testcase classname="com.TestNg.Com.TestNGPracticeProject.TestNg" name="homepage" time="0.002"/>
  <system-out/>
</testsuite> <!-- com.TestNg.Com.TestNGPracticeProject.TestNg -->
