<?xml version="1.0" encoding="UTF-8"?>
<!-- Generated by org.testng.reporters.JUnitReportReporter -->
<testsuite hostname="DESKTOP-6M4388R" failures="0" tests="1" name="com.TestNg.Com.TestNGPracticeProject.DemoTestNGTwo" time="0.010" errors="0" timestamp="2024-07-23T10:47:35 IST" skipped="0">
  <testcase classname="com.TestNg.Com.TestNGPracticeProject.DemoTestNGTwo" name="DemoMethod" time="0.010"/>
  <system-out/>
</testsuite> <!-- com.TestNg.Com.TestNGPracticeProject.DemoTestNGTwo -->
