<?xml version="1.0" encoding="UTF-8"?>
<!-- Generated by org.testng.reporters.JUnitReportReporter -->
<testsuite hostname="DESKTOP-6M4388R" failures="0" tests="2" name="com.TestNg.Com.TestNGPracticeProject.DemoTestNG" time="0.015" errors="0" timestamp="2024-07-23T10:33:18 IST" skipped="0">
  <testcase classname="com.TestNg.Com.TestNGPracticeProject.DemoTestNG" name="Setup" time="0.008"/>
  <system-out/>
  <testcase classname="com.TestNg.Com.TestNGPracticeProject.DemoTestNG" name="homepage" time="0.007"/>
  <system-out/>
</testsuite> <!-- com.TestNg.Com.TestNGPracticeProject.DemoTestNG -->
