<?xml version="1.0" encoding="UTF-8"?>
<!-- Generated by org.testng.reporters.JUnitReportReporter -->
<testsuite hostname="DESKTOP-6M4388R" failures="0" tests="3" name="com.TestNg.Com.TestNGPracticeProject.oneTestNg" time="0.010" errors="0" timestamp="2024-07-25T12:02:52 IST" skipped="0">
  <testcase classname="com.TestNg.Com.TestNGPracticeProject.oneTestNg" name="ThreeTestNg" time="0.008"/>
  <system-out/>
  <testcase classname="com.TestNg.Com.TestNGPracticeProject.oneTestNg" name="TwoTestNg" time="0.001"/>
  <system-out/>
  <testcase classname="com.TestNg.Com.TestNGPracticeProject.oneTestNg" name="oneTestNg" time="0.001"/>
  <system-out/>
</testsuite> <!-- com.TestNg.Com.TestNGPracticeProject.oneTestNg -->
