<?xml version="1.0" encoding="UTF-8"?>
<!-- Generated by org.testng.reporters.JUnitReportReporter -->
<testsuite hostname="DESKTOP-6M4388R" failures="0" tests="1" name="AssertionsDemo.DemoOne" time="0.009" errors="0" timestamp="2024-07-23T12:48:23 IST" skipped="0">
  <testcase classname="AssertionsDemo.DemoOne" name="One" time="0.009"/>
  <system-out/>
</testsuite> <!-- AssertionsDemo.DemoOne -->
